2026-06-11 12:47:41,511 [INFO] Activator:176 - 


2026-06-11 12:47:41,524 [INFO] Activator:177 - !SESSION log4j initialized
2026-06-11 12:48:00,858 [INFO] LogOutputStream:77 - [STDOUT_REDIRECT] 
2026-06-11 12:48:22,430 [INFO] ApplicationProperties:184 - Using Application install path: C:\ST\STM32CubeIDE_1.18.0\STM32CubeIDE\plugins\com.st.stm32cube.common.mx_6.14.0.202502271554
2026-06-11 12:48:22,471 [INFO] DbMcusXml:78 - Set database path to: C:\ST\STM32CubeIDE_1.18.0\STM32CubeIDE\plugins\com.st.stm32cube.common.mx_6.14.0.202502271554\\db\/mcu/
2026-06-11 12:48:22,472 [INFO] ApiDb:274 - Set plugin database path to: C:\ST\STM32CubeIDE_1.18.0\STM32CubeIDE\plugins\com.st.stm32cube.common.mx_6.14.0.202502271554\\db\/plugins/boardmanager/
2026-06-11 12:48:22,473 [WARN] ApiDb:259 - Overriding images path with different value:  => C:\ST\STM32CubeIDE_1.18.0\STM32CubeIDE\plugins\com.st.stm32cube.common.mx_6.14.0.202502271554\\db\/plugins/mcufinder/images/
2026-06-11 12:48:22,493 [INFO] ApiDb:250 - Set database path to: C:\Users\essaoudi\.stmcufinder\plugins\mcufinder//mcu/
2026-06-11 12:48:22,496 [INFO] DbMcusAds:125 - Set database path to: C:\Users\essaoudi\.stmcufinder\plugins\mcufinder//mcu/
2026-06-11 12:48:22,507 [INFO] CrossReferenceDbSqlite:203 - Set database path to: C:\Users\essaoudi\.stmcufinder\plugins\mcufinder//mcu/cs/
2026-06-11 12:48:22,950 [INFO] RulesReader:64 - Compatibility file has been processed (301 Rules)
2026-06-11 12:48:23,206 [INFO] DbMcusXml:78 - Set database path to: C:\ST\STM32CubeIDE_1.18.0\STM32CubeIDE\plugins\com.st.stm32cube.common.mx_6.14.0.202502271554\\db\/mcu/
2026-06-11 12:48:23,213 [INFO] ApiDb:274 - Set plugin database path to: C:\ST\STM32CubeIDE_1.18.0\STM32CubeIDE\plugins\com.st.stm32cube.common.mx_6.14.0.202502271554\\db\/plugins/boardmanager/
2026-06-11 12:48:23,214 [INFO] ApiDb:261 - Set plugin images path to: C:\ST\STM32CubeIDE_1.18.0\STM32CubeIDE\plugins\com.st.stm32cube.common.mx_6.14.0.202502271554\\db\/plugins/mcufinder/images/
2026-06-11 12:48:23,214 [WARN] DbFile:41 - Overriding database path with different value: C:\Users\essaoudi\.stmcufinder\plugins\mcufinder/ => C:\Users\essaoudi\.stmcufinder\plugins\mcufinder
2026-06-11 12:48:23,215 [INFO] ApiDb:250 - Set database path to: C:\Users\essaoudi\.stmcufinder\plugins\mcufinder//mcu/
2026-06-11 12:48:23,215 [WARN] DbFile:41 - Overriding database path with different value: C:\Users\essaoudi\.stmcufinder\plugins\mcufinder/ => C:\Users\essaoudi\.stmcufinder\plugins\mcufinder
2026-06-11 12:48:23,215 [INFO] DbMcusAds:125 - Set database path to: C:\Users\essaoudi\.stmcufinder\plugins\mcufinder//mcu/
2026-06-11 12:48:23,216 [WARN] DbFile:41 - Overriding database path with different value: C:\Users\essaoudi\.stmcufinder\plugins\mcufinder/ => C:\Users\essaoudi\.stmcufinder\plugins\mcufinder
2026-06-11 12:48:23,216 [WARN] DbFile:41 - Overriding database path with different value: C:\Users\essaoudi\.stmcufinder\plugins\mcufinder/ => C:\Users\essaoudi\.stmcufinder\plugins\mcufinder
2026-06-11 12:48:23,216 [INFO] CrossReferenceDbSqlite:203 - Set database path to: C:\Users\essaoudi\.stmcufinder\plugins\mcufinder//mcu/cs/
2026-06-11 12:48:23,484 [INFO] MainPanel:272 - HeapMemory: 268435456
2026-06-11 12:48:23,781 [INFO] DbMcusXml:78 - Set database path to: C:\ST\STM32CubeIDE_1.18.0\STM32CubeIDE\plugins\com.st.stm32cube.common.mx_6.14.0.202502271554\\db\/mcu/
2026-06-11 12:48:23,781 [INFO] ApiDb:274 - Set plugin database path to: C:\ST\STM32CubeIDE_1.18.0\STM32CubeIDE\plugins\com.st.stm32cube.common.mx_6.14.0.202502271554\\db\/plugins/boardmanager/
2026-06-11 12:48:23,781 [INFO] ApiDb:261 - Set plugin images path to: C:\ST\STM32CubeIDE_1.18.0\STM32CubeIDE\plugins\com.st.stm32cube.common.mx_6.14.0.202502271554\\db\/plugins/mcufinder/images/
2026-06-11 12:48:23,782 [WARN] DbFile:41 - Overriding database path with different value: C:\Users\essaoudi\.stmcufinder\plugins\mcufinder/ => C:\Users\essaoudi\.stmcufinder\plugins\mcufinder
2026-06-11 12:48:23,782 [INFO] ApiDb:250 - Set database path to: C:\Users\essaoudi\.stmcufinder\plugins\mcufinder//mcu/
2026-06-11 12:48:23,783 [WARN] DbFile:41 - Overriding database path with different value: C:\Users\essaoudi\.stmcufinder\plugins\mcufinder/ => C:\Users\essaoudi\.stmcufinder\plugins\mcufinder
2026-06-11 12:48:23,783 [INFO] DbMcusAds:125 - Set database path to: C:\Users\essaoudi\.stmcufinder\plugins\mcufinder//mcu/
2026-06-11 12:48:23,783 [WARN] DbFile:41 - Overriding database path with different value: C:\Users\essaoudi\.stmcufinder\plugins\mcufinder/ => C:\Users\essaoudi\.stmcufinder\plugins\mcufinder
2026-06-11 12:48:23,783 [WARN] DbFile:41 - Overriding database path with different value: C:\Users\essaoudi\.stmcufinder\plugins\mcufinder/ => C:\Users\essaoudi\.stmcufinder\plugins\mcufinder
2026-06-11 12:48:23,783 [INFO] CrossReferenceDbSqlite:203 - Set database path to: C:\Users\essaoudi\.stmcufinder\plugins\mcufinder//mcu/cs/
2026-06-11 12:48:23,850 [INFO] ApplicationProperties:184 - Using Application install path: C:\ST\STM32CubeIDE_1.18.0\STM32CubeIDE\plugins\com.st.stm32cube.common.mx_6.14.0.202502271554
2026-06-11 12:48:23,858 [INFO] PluginManage:196 - Search for loadable plugins [exclusion list=, ]
2026-06-11 12:48:23,870 [INFO] PluginManage:310 - Check plugin analytics
2026-06-11 12:48:29,795 [INFO] AnalyticsPlugin:253 - Accepted Software Licenses: 
2026-06-11 12:48:29,796 [INFO] AnalyticsPlugin:255 - Accepted CMSIS Pack Licenses: 
2026-06-11 12:48:29,796 [INFO] AnalyticsPlugin:257 - Accepted Firmware Licenses: FW.F7.1.17.0,FW.G0.1.6.0
2026-06-11 12:48:29,803 [INFO] PluginManage:359 - Loaded plugin analytics (category:tool,tabindex:-1)
2026-06-11 12:48:29,804 [INFO] PluginManage:310 - Check plugin cadmodel
2026-06-11 12:48:29,844 [INFO] CADModel:105 - Init CAD model plugin
2026-06-11 12:48:29,845 [INFO] PluginManage:359 - Loaded plugin cadmodel (category:power,tabindex:5)
2026-06-11 12:48:29,846 [INFO] PluginManage:310 - Check plugin clock
2026-06-11 12:48:29,905 [INFO] PluginManage:359 - Loaded plugin clock (category:base,tabindex:2)
2026-06-11 12:48:29,905 [INFO] PluginManage:310 - Check plugin ddr
2026-06-11 12:48:29,914 [INFO] PluginManage:359 - Loaded plugin ddr (category:tool,tabindex:6)
2026-06-11 12:48:29,915 [INFO] PluginManage:310 - Check plugin filemanager
2026-06-11 12:48:30,452 [INFO] PluginManage:359 - Loaded plugin filemanager (category:base,tabindex:10)
2026-06-11 12:48:30,452 [INFO] PluginManage:310 - Check plugin ipmanager
2026-06-11 12:48:30,482 [INFO] PluginManage:359 - Loaded plugin ipmanager (category:base,tabindex:5)
2026-06-11 12:48:30,483 [INFO] PluginManage:310 - Check plugin lpbam
2026-06-11 12:48:30,529 [INFO] PluginManage:359 - Loaded plugin lpbam (category:base,tabindex:0)
2026-06-11 12:48:30,530 [INFO] PluginManage:310 - Check plugin memorymap
2026-06-11 12:48:30,596 [INFO] PluginManage:359 - Loaded plugin memorymap (category:base,tabindex:4)
2026-06-11 12:48:30,596 [INFO] PluginManage:310 - Check plugin pinoutandconfiguration
2026-06-11 12:48:30,647 [INFO] PluginManage:359 - Loaded plugin pinoutandconfiguration (category:base,tabindex:1)
2026-06-11 12:48:30,647 [INFO] PluginManage:310 - Check plugin pinoutconfig
2026-06-11 12:48:30,954 [WARN] SupportedApi:132 - Cannot load RTOS API schema: s4s-elt-must-match.1: The content of 'definitions' must match (annotation?, (simpleType | complexType)?, (unique | key | keyref)*)). A problem was found starting at: attribute.
2026-06-11 12:48:31,445 [INFO] PluginManage:359 - Loaded plugin pinoutconfig (category:base,tabindex:0)
2026-06-11 12:48:31,446 [INFO] PluginManage:310 - Check plugin power
2026-06-11 12:48:31,502 [INFO] PluginManage:359 - Loaded plugin power (category:power,tabindex:4)
2026-06-11 12:48:31,502 [INFO] PluginManage:310 - Check plugin projectmanager
2026-06-11 12:48:31,676 [INFO] PluginManage:359 - Loaded plugin projectmanager (category:projectmanager,tabindex:4)
2026-06-11 12:48:31,676 [INFO] PluginManage:310 - Check plugin rif
2026-06-11 12:48:31,729 [INFO] PluginManage:359 - Loaded plugin rif (category:base,tabindex:3)
2026-06-11 12:48:31,729 [INFO] PluginManage:310 - Check plugin thirdparty
2026-06-11 12:48:32,883 [INFO] PluginManage:359 - Loaded plugin thirdparty (category:base,tabindex:-1)
2026-06-11 12:48:32,884 [INFO] PluginManage:310 - Check plugin tools
2026-06-11 12:48:32,887 [WARN] IntegrityCheckThread:84 - waiting for thirdparty lock release [integrity check]
2026-06-11 12:48:32,888 [INFO] IntegrityCheckThread:86 - entering critical section [integrity check]
2026-06-11 12:48:32,900 [INFO] ThirdPartyUpdaterWithRetryManager:70 - Updater plugin not ready yet. [1/15]
2026-06-11 12:48:32,986 [INFO] PluginManage:359 - Loaded plugin tools (category:base,tabindex:7)
2026-06-11 12:48:32,986 [INFO] PluginManage:310 - Check plugin tutovideos
2026-06-11 12:48:33,699 [INFO] PluginManage:359 - Loaded plugin tutovideos (category:base,tabindex:-1)
2026-06-11 12:48:33,700 [INFO] PluginManage:310 - Check plugin updater
2026-06-11 12:48:33,942 [INFO] PluginManage:359 - Loaded plugin updater (category:base,tabindex:12)
2026-06-11 12:48:33,945 [INFO] PluginManage:310 - Check plugin userauth
2026-06-11 12:48:33,955 [INFO] UserAuth:118 - Init User Auth plugin
2026-06-11 12:48:33,957 [INFO] PluginManage:359 - Loaded plugin userauth (category:base,tabindex:14)
2026-06-11 12:48:33,981 [INFO] PluginManage:283 - PluginManage : Loaded plugins [18]
2026-06-11 12:48:34,845 [INFO] PinOutPanel:1589 - setPackage(No Configuration,No Configuration)
2026-06-11 12:48:35,337 [INFO] CADModel:165 - CPN selected for project level
2026-06-11 12:48:35,338 [INFO] CADModel:114 - Register for checkConnection events
2026-06-11 12:48:35,409 [INFO] IPUIPlugin:80 - create IPUIPlugin
2026-06-11 12:48:35,412 [INFO] PluginManager:220 - loadIPPluginJar : add adc
2026-06-11 12:48:35,531 [INFO] IPUIPlugin:80 - create IPUIPlugin
2026-06-11 12:48:35,531 [INFO] PluginManager:220 - loadIPPluginJar : add aes
2026-06-11 12:48:35,628 [INFO] IPUIPlugin:80 - create IPUIPlugin
2026-06-11 12:48:35,632 [INFO] PluginManager:220 - loadIPPluginJar : add can
2026-06-11 12:48:35,684 [INFO] IPUIPlugin:80 - create IPUIPlugin
2026-06-11 12:48:35,696 [INFO] PluginManager:220 - loadIPPluginJar : add comp
2026-06-11 12:48:35,784 [INFO] IPUIPlugin:80 - create IPUIPlugin
2026-06-11 12:48:35,784 [INFO] PluginManager:220 - loadIPPluginJar : add cryp
2026-06-11 12:48:35,817 [INFO] IPUIPlugin:80 - create IPUIPlugin
2026-06-11 12:48:35,818 [INFO] PluginManager:220 - loadIPPluginJar : add ddr_ctrl_phy
2026-06-11 12:48:35,898 [INFO] IPUIPlugin:80 - create IPUIPlugin
2026-06-11 12:48:35,899 [INFO] PluginManager:220 - loadIPPluginJar : add dfsdm
2026-06-11 12:48:35,904 [INFO] ThirdPartyUpdaterWithRetryManager:70 - Updater plugin not ready yet. [2/15]
2026-06-11 12:48:35,926 [INFO] IPUIPlugin:80 - create IPUIPlugin
2026-06-11 12:48:35,929 [INFO] PluginManager:220 - loadIPPluginJar : add dma
2026-06-11 12:48:36,023 [INFO] IPUIPlugin:80 - create IPUIPlugin
2026-06-11 12:48:36,023 [INFO] PluginManager:220 - loadIPPluginJar : add dma3
2026-06-11 12:48:36,137 [INFO] IPUIPlugin:80 - create IPUIPlugin
2026-06-11 12:48:36,138 [INFO] PluginManager:220 - loadIPPluginJar : add extmemmanager
2026-06-11 12:48:36,188 [INFO] IPUIPlugin:80 - create IPUIPlugin
2026-06-11 12:48:36,194 [INFO] PluginManager:220 - loadIPPluginJar : add fatfs
2026-06-11 12:48:36,314 [INFO] IPUIPlugin:80 - create IPUIPlugin
2026-06-11 12:48:36,314 [INFO] PluginManager:220 - loadIPPluginJar : add fmc
2026-06-11 12:48:36,352 [INFO] IPUIPlugin:80 - create IPUIPlugin
2026-06-11 12:48:36,352 [INFO] PluginManager:220 - loadIPPluginJar : add freertos
2026-06-11 12:48:36,422 [INFO] IPUIPlugin:80 - create IPUIPlugin
2026-06-11 12:48:36,422 [INFO] PluginManager:220 - loadIPPluginJar : add genericplugin
2026-06-11 12:48:36,663 [INFO] IPUIPlugin:80 - create IPUIPlugin
2026-06-11 12:48:36,664 [INFO] PluginManager:220 - loadIPPluginJar : add gfxmmu
2026-06-11 12:48:36,999 [INFO] IPUIPlugin:80 - create IPUIPlugin
2026-06-11 12:48:36,999 [INFO] PluginManager:220 - loadIPPluginJar : add gic
2026-06-11 12:48:37,035 [INFO] IPUIPlugin:80 - create IPUIPlugin
2026-06-11 12:48:37,035 [INFO] PluginManager:220 - loadIPPluginJar : add gpio
2026-06-11 12:48:37,315 [INFO] IPUIPlugin:80 - create IPUIPlugin
2026-06-11 12:48:37,315 [INFO] PluginManager:220 - loadIPPluginJar : add gtzc
2026-06-11 12:48:37,403 [INFO] IPUIPlugin:80 - create IPUIPlugin
2026-06-11 12:48:37,406 [INFO] PluginManager:220 - loadIPPluginJar : add hash
2026-06-11 12:48:37,830 [INFO] IPUIPlugin:80 - create IPUIPlugin
2026-06-11 12:48:37,830 [INFO] PluginManager:220 - loadIPPluginJar : add i2c
2026-06-11 12:48:37,933 [INFO] IPUIPlugin:80 - create IPUIPlugin
2026-06-11 12:48:37,933 [INFO] PluginManager:220 - loadIPPluginJar : add i2s
2026-06-11 12:48:38,270 [INFO] IPUIPlugin:80 - create IPUIPlugin
2026-06-11 12:48:38,300 [INFO] PluginManager:220 - loadIPPluginJar : add i3c
2026-06-11 12:48:38,906 [INFO] ThirdPartyUpdaterWithRetryManager:70 - Updater plugin not ready yet. [3/15]
2026-06-11 12:48:39,103 [INFO] IPUIPlugin:80 - create IPUIPlugin
2026-06-11 12:48:39,128 [INFO] PluginManager:220 - loadIPPluginJar : add ipddr
2026-06-11 12:48:39,768 [INFO] IPUIPlugin:80 - create IPUIPlugin
2026-06-11 12:48:39,769 [INFO] PluginManager:220 - loadIPPluginJar : add linkedlist
2026-06-11 12:48:39,871 [INFO] IPUIPlugin:80 - create IPUIPlugin
2026-06-11 12:48:39,871 [INFO] PluginManager:220 - loadIPPluginJar : add lorawan
2026-06-11 12:48:39,994 [INFO] IPUIPlugin:80 - create IPUIPlugin
2026-06-11 12:48:39,995 [INFO] PluginManager:220 - loadIPPluginJar : add ltdc
2026-06-11 12:48:40,040 [INFO] IPUIPlugin:80 - create IPUIPlugin
2026-06-11 12:48:40,040 [INFO] PluginManager:220 - loadIPPluginJar : add mdma
2026-06-11 12:48:40,072 [INFO] IPUIPlugin:80 - create IPUIPlugin
2026-06-11 12:48:40,072 [INFO] PluginManager:220 - loadIPPluginJar : add nvic
2026-06-11 12:48:40,188 [INFO] IPUIPlugin:80 - create IPUIPlugin
2026-06-11 12:48:40,188 [INFO] PluginManager:220 - loadIPPluginJar : add opamp
2026-06-11 12:48:40,514 [INFO] IPUIPlugin:80 - create IPUIPlugin
2026-06-11 12:48:40,515 [INFO] PluginManager:220 - loadIPPluginJar : add openamp
2026-06-11 12:48:40,840 [INFO] IPUIPlugin:80 - create IPUIPlugin
2026-06-11 12:48:40,841 [INFO] PluginManager:220 - loadIPPluginJar : add pdm2pcm
2026-06-11 12:48:40,913 [INFO] IPUIPlugin:80 - create IPUIPlugin
2026-06-11 12:48:40,921 [INFO] PluginManager:220 - loadIPPluginJar : add plateformsettings
2026-06-11 12:48:40,987 [INFO] IPUIPlugin:80 - create IPUIPlugin
2026-06-11 12:48:40,987 [INFO] PluginManager:220 - loadIPPluginJar : add quadspi
2026-06-11 12:48:41,069 [INFO] IPUIPlugin:80 - create IPUIPlugin
2026-06-11 12:48:41,071 [INFO] PluginManager:220 - loadIPPluginJar : add radio
2026-06-11 12:48:41,099 [INFO] IPUIPlugin:80 - create IPUIPlugin
2026-06-11 12:48:41,099 [INFO] PluginManager:220 - loadIPPluginJar : add resmgrutility
2026-06-11 12:48:41,225 [INFO] IPUIPlugin:80 - create IPUIPlugin
2026-06-11 12:48:41,225 [INFO] PluginManager:220 - loadIPPluginJar : add sai
2026-06-11 12:48:41,319 [INFO] IPUIPlugin:80 - create IPUIPlugin
2026-06-11 12:48:41,320 [INFO] PluginManager:220 - loadIPPluginJar : add spi
2026-06-11 12:48:41,573 [INFO] IPUIPlugin:80 - create IPUIPlugin
2026-06-11 12:48:41,574 [INFO] PluginManager:220 - loadIPPluginJar : add stm32_wpan
2026-06-11 12:48:41,680 [INFO] IPUIPlugin:80 - create IPUIPlugin
2026-06-11 12:48:41,680 [INFO] PluginManager:220 - loadIPPluginJar : add tim
2026-06-11 12:48:41,846 [INFO] IPUIPlugin:80 - create IPUIPlugin
2026-06-11 12:48:41,847 [INFO] PluginManager:220 - loadIPPluginJar : add touchsensing
2026-06-11 12:48:41,930 [INFO] ThirdPartyUpdaterWithRetryManager:70 - Updater plugin not ready yet. [4/15]
2026-06-11 12:48:41,921 [INFO] IPUIPlugin:80 - create IPUIPlugin
2026-06-11 12:48:41,931 [INFO] PluginManager:220 - loadIPPluginJar : add tracer_emb
2026-06-11 12:48:42,012 [INFO] IPUIPlugin:80 - create IPUIPlugin
2026-06-11 12:48:42,014 [INFO] PluginManager:220 - loadIPPluginJar : add ts
2026-06-11 12:48:42,070 [INFO] IPUIPlugin:80 - create IPUIPlugin
2026-06-11 12:48:42,071 [INFO] PluginManager:220 - loadIPPluginJar : add tsc
2026-06-11 12:48:42,133 [INFO] IPUIPlugin:80 - create IPUIPlugin
2026-06-11 12:48:42,133 [INFO] PluginManager:220 - loadIPPluginJar : add ucpd
2026-06-11 12:48:42,389 [INFO] IPUIPlugin:80 - create IPUIPlugin
2026-06-11 12:48:42,389 [INFO] PluginManager:220 - loadIPPluginJar : add usart
2026-06-11 12:48:42,503 [INFO] IPUIPlugin:80 - create IPUIPlugin
2026-06-11 12:48:42,504 [INFO] PluginManager:220 - loadIPPluginJar : add usbx
2026-06-11 12:48:42,890 [FATAL] Updater:351 - Updater called before beeing initialized
2026-06-11 12:48:43,040 [INFO] RulesReader:64 - Compatibility file has been processed (301 Rules)
2026-06-11 12:48:43,292 [INFO] RulesReader:64 - Compatibility file has been processed (301 Rules)
2026-06-11 12:48:43,322 [INFO] CADModel:165 - CPN selected for project level
2026-06-11 12:48:43,323 [INFO] CADModel:114 - Register for checkConnection events
2026-06-11 12:48:43,323 [FATAL] Updater:351 - Updater called before beeing initialized
2026-06-11 12:48:43,324 [ERROR] CADModel:125 - Updater not yet initialized, retry later 
2026-06-11 12:48:44,205 [FATAL] Updater:351 - Updater called before beeing initialized
2026-06-11 12:48:44,210 [INFO] CADModel:165 - CPN selected for project level
2026-06-11 12:48:44,210 [INFO] CADModel:114 - Register for checkConnection events
2026-06-11 12:48:44,210 [FATAL] Updater:351 - Updater called before beeing initialized
2026-06-11 12:48:44,210 [ERROR] CADModel:125 - Updater not yet initialized, retry later 
2026-06-11 12:48:44,218 [FATAL] Updater:351 - Updater called before beeing initialized
2026-06-11 12:48:44,831 [FATAL] Updater:351 - Updater called before beeing initialized
2026-06-11 12:48:44,858 [INFO] DbMcusAds:53 - JSON generation date=Thu May 28 18:08:17 CEST 2026 (1779984497073)
2026-06-11 12:48:44,858 [FATAL] Updater:351 - Updater called before beeing initialized
2026-06-11 12:48:44,933 [INFO] ThirdPartyUpdaterWithRetryManager:70 - Updater plugin not ready yet. [5/15]
2026-06-11 12:48:45,022 [WARN] DetailPanel:346 - Failed to get advertising image, set to default
2026-06-11 12:48:45,915 [FATAL] Updater:351 - Updater called before beeing initialized
2026-06-11 12:48:45,946 [FATAL] Updater:351 - Updater called before beeing initialized
2026-06-11 12:48:45,946 [FATAL] Updater:351 - Updater called before beeing initialized
2026-06-11 12:48:45,947 [WARN] DetailPanel:346 - Failed to get advertising image, set to default
2026-06-11 12:48:46,073 [FATAL] Updater:351 - Updater called before beeing initialized
2026-06-11 12:48:46,812 [ERROR] Updater:1198 - MainUpdater not yet initialized. External WinMGr cannot be set.
2026-06-11 12:48:46,842 [INFO] Updater:1134 - Updater Version found : 6.14.0
2026-06-11 12:48:47,088 [INFO] ApplicationProperties:184 - Using Application install path: C:\ST\STM32CubeIDE_1.18.0\STM32CubeIDE\plugins\com.st.stm32cube.common.mx_6.14.0.202502271554
2026-06-11 12:48:47,979 [FATAL] Updater:351 - Updater called before beeing initialized
2026-06-11 12:48:47,980 [ERROR] IntegrityCheckThread:130 - Cannot retrieve database content from updater: error 21
2026-06-11 12:48:47,980 [INFO] ThirdParty:978 - Integrity check success = false
2026-06-11 12:48:47,980 [INFO] IntegrityCheckThread:100 - exiting critical section [integrity check]
2026-06-11 12:48:48,055 [INFO] IntegrityCheckThread:103 - End integrity checks thread
2026-06-11 12:48:49,289 [ERROR] LogOutputStream:75 - [STDERR_REDIRECT] Jun 11, 2026 12:48:49 PM java.util.prefs.WindowsPreferences <init>
2026-06-11 12:48:49,293 [ERROR] LogOutputStream:75 - [STDERR_REDIRECT] WARNING: Could not open/create prefs root node Software\JavaSoft\Prefs at root 0xffffffff80000002. Windows RegCreateKeyEx(...) returned error code 5.
2026-06-11 12:48:49,345 [ERROR] LogOutputStream:75 - [STDERR_REDIRECT] 
2026-06-11 12:48:51,995 [INFO] MainUpdater:2872 - connection check result : 10
2026-06-11 12:48:51,996 [INFO] MainUpdater:3566 - Updater definition file requires update
2026-06-11 12:48:51,998 [INFO] MainUpdater:289 - Updater Check For Update Now.
2026-06-11 12:48:51,999 [INFO] MicroXplorer:498 - Change Database Version : DB.6.0.140
2026-06-11 12:48:52,240 [INFO] McuFinderGlobals:63 - Set McuFinder mode to 2 (CubeIDE integrated)
2026-06-11 12:48:52,264 [INFO] UserAuth:486 - Internet connection configuration mode: 1
2026-06-11 12:48:52,284 [INFO] ServerAccessManage:473 - Download File updaters.zip
2026-06-11 12:48:52,522 [INFO] JxBrowserEngine:152 - Initiate JxBrowser Engine with user profile folder
2026-06-11 12:48:52,856 [INFO] FileExtend:242 - Unzip File : updaters.zip
2026-06-11 12:48:52,857 [INFO] FileExtend:257 - Standard Zip Deflate
2026-06-11 12:48:59,334 [INFO] ServerAccessManage:473 - Download File PacksControlFlags.xml
2026-06-11 12:48:59,580 [INFO] ServerAccessManage:473 - Download File cubemx.pidx
2026-06-11 12:49:02,668 [INFO] ServerAccessManage:473 - Download File STMicroelectronics.X-CUBE-NFC13.pdsc
2026-06-11 12:49:05,708 [WARN] PackLoader:240 - Cannot read IP mode file for STMicroelectronics.X-CUBE-NFC13.1.0.0
2026-06-11 12:49:05,821 [INFO] PopulateThirdPartyThread:66 - Ending populate Thread
2026-06-11 12:49:05,830 [INFO] ThirdParty:1030 - CMSIS Pack Vendor :STMicroelectronics X-CUBE-NFC13 1.0.0
2026-06-11 12:49:05,830 [INFO] LoadServerUpdatesThread:375 - End of LoadServerUpdate Thread
2026-06-11 12:49:06,034 [INFO] CheckServerUpdateThread:120 - End of CheckServer Thread
2026-06-11 12:49:07,976 [INFO] WebApp:169 - Instantiating new browser for Auth
2026-06-11 12:49:12,390 [INFO] WebApp:463 - Apply proxy settings
2026-06-11 12:49:12,391 [INFO] WebApp:548 - Chromium requires no authentication
2026-06-11 12:49:12,410 [INFO] WebApp:491 - Direct internet connection detected
2026-06-11 12:49:12,468 [INFO] WebApp:894 - Register for checkConnection events
2026-06-11 12:49:12,469 [INFO] WebApp:463 - Apply proxy settings
2026-06-11 12:49:12,469 [INFO] WebApp:548 - Chromium requires no authentication
2026-06-11 12:49:12,470 [INFO] WebApp:491 - Direct internet connection detected
2026-06-11 12:49:12,893 [INFO] WebApp:225 - Starting web application
2026-06-11 12:49:12,893 [INFO] WebApp:593 - Web application path used C:\ST\STM32CubeIDE_1.18.0\STM32CubeIDE\plugins\com.st.stm32cube.common.mx_6.14.0.202502271554\db\plugins\mcufinder\reactClient1\index.html
2026-06-11 12:49:13,646 [INFO] WebApp:191 - Connection restablished
2026-06-11 12:49:16,132 [INFO] UserAuth:486 - Internet connection configuration mode: 1
2026-06-11 13:03:52,367 [INFO] WebApp:194 - Connection lost
2026-06-11 13:03:52,689 [INFO] WebApp:191 - Connection restablished
2026-06-11 13:11:41,734 [INFO] WebApp:194 - Connection lost
2026-06-11 13:11:42,162 [INFO] WebApp:191 - Connection restablished
2026-06-11 13:18:45,694 [INFO] WebApp:194 - Connection lost
2026-06-11 13:18:45,863 [INFO] WebApp:191 - Connection restablished
2026-06-11 13:34:23,024 [INFO] WebApp:194 - Connection lost
2026-06-11 13:34:23,256 [INFO] WebApp:191 - Connection restablished
2026-06-11 13:40:32,964 [INFO] WebApp:194 - Connection lost
2026-06-11 13:40:33,153 [INFO] WebApp:191 - Connection restablished
2026-06-11 13:49:12,469 [INFO] WebApp:194 - Connection lost
2026-06-11 13:49:12,658 [INFO] WebApp:191 - Connection restablished
2026-06-11 14:20:17,916 [INFO] WebApp:194 - Connection lost
2026-06-11 14:20:18,301 [INFO] WebApp:191 - Connection restablished
2026-06-11 14:26:50,772 [INFO] WebApp:194 - Connection lost
2026-06-11 14:26:51,267 [INFO] WebApp:191 - Connection restablished
2026-06-11 14:31:00,261 [INFO] WebApp:194 - Connection lost
2026-06-11 14:31:00,518 [INFO] WebApp:191 - Connection restablished
2026-06-11 14:34:28,245 [INFO] WebApp:194 - Connection lost
2026-06-11 14:34:28,406 [INFO] WebApp:191 - Connection restablished
2026-06-11 14:41:25,253 [INFO] WebApp:403 - JxBrowser engine has been closed 
